2025-05-07 21:22:11 INFO  o.h.validator.internal.util.Version - HV000001: Hibernate Validator 8.0.1.Final
2025-05-07 21:22:11 INFO  com.Elvis.ticket.TicketApplication - Starting TicketApplication using Java 17.0.10 with PID 23020 (C:\Cyber\ticket\backend\target\classes started by elvis in C:\Cyber\ticket\backend)
2025-05-07 21:22:11 DEBUG com.Elvis.ticket.TicketApplication - Running with Spring Boot v3.2.3, Spring v6.1.4
2025-05-07 21:22:11 INFO  com.Elvis.ticket.TicketApplication - No active profile set, falling back to 1 default profile: "default"
2025-05-07 21:22:12 INFO  o.s.d.r.c.RepositoryConfigurationDelegate - Bootstrapping Spring Data JPA repositories in DEFAULT mode.
2025-05-07 21:22:12 INFO  o.s.d.r.c.RepositoryConfigurationDelegate - Finished Spring Data repository scanning in 92 ms. Found 8 JPA repository interfaces.
2025-05-07 21:22:13 INFO  o.s.b.w.e.tomcat.TomcatWebServer - Tomcat initialized with port 8082 (http)
2025-05-07 21:22:13 INFO  o.a.coyote.http11.Http11NioProtocol - Initializing ProtocolHandler ["http-nio-0.0.0.0-8082"]
2025-05-07 21:22:13 INFO  o.a.catalina.core.StandardService - Starting service [Tomcat]
2025-05-07 21:22:13 INFO  o.a.catalina.core.StandardEngine - Starting Servlet engine: [Apache Tomcat/10.1.19]
2025-05-07 21:22:13 INFO  o.a.c.c.C.[Tomcat].[localhost].[/] - Initializing Spring embedded WebApplicationContext
2025-05-07 21:22:13 INFO  o.s.b.w.s.c.ServletWebServerApplicationContext - Root WebApplicationContext: initialization completed in 2290 ms
2025-05-07 21:22:13 INFO  com.zaxxer.hikari.HikariDataSource - HikariPool-1 - Starting...
2025-05-07 21:22:14 INFO  com.zaxxer.hikari.pool.HikariPool - HikariPool-1 - Added connection com.mysql.cj.jdbc.ConnectionImpl@52856ff9
2025-05-07 21:22:14 INFO  com.zaxxer.hikari.HikariDataSource - HikariPool-1 - Start completed.
2025-05-07 21:22:14 INFO  o.s.b.a.h.H2ConsoleAutoConfiguration - H2 console available at '/h2-console'. Database available at 'jdbc:mysql://localhost:3306/ticket_system?createDatabaseIfNotExist=true'
2025-05-07 21:22:14 INFO  o.h.jpa.internal.util.LogHelper - HHH000204: Processing PersistenceUnitInfo [name: default]
2025-05-07 21:22:14 INFO  org.hibernate.Version - HHH000412: Hibernate ORM core version 6.4.4.Final
2025-05-07 21:22:14 INFO  o.h.c.i.RegionFactoryInitiator - HHH000026: Second-level cache disabled
2025-05-07 21:22:14 INFO  o.s.o.j.p.SpringPersistenceUnitInfo - No LoadTimeWeaver setup: ignoring JPA class transformer
2025-05-07 21:22:14 WARN  org.hibernate.orm.deprecation - HHH90000025: MySQL8Dialect does not need to be specified explicitly using 'hibernate.dialect' (remove the property setting and it will be selected by default)
2025-05-07 21:22:14 WARN  org.hibernate.orm.deprecation - HHH90000026: MySQL8Dialect has been deprecated; use org.hibernate.dialect.MySQLDialect instead
2025-05-07 21:22:15 INFO  o.h.e.t.j.p.i.JtaPlatformInitiator - HHH000489: No JTA platform available (set 'hibernate.transaction.jta.platform' to enable JTA platform integration)
2025-05-07 21:22:16 DEBUG org.hibernate.SQL - 
    alter table sessions 
       add column history LONGTEXT
2025-05-07 21:22:16 INFO  o.s.o.j.LocalContainerEntityManagerFactoryBean - Initialized JPA EntityManagerFactory for persistence unit 'default'
2025-05-07 21:22:16 DEBUG c.E.t.s.JwtAuthenticationFilter - Filter 'jwtAuthenticationFilter' configured for use
2025-05-07 21:22:16 DEBUG c.E.ticket.security.JwtRequestFilter - Filter 'jwtRequestFilter' configured for use
2025-05-07 21:22:16 INFO  o.s.d.j.r.query.QueryEnhancerFactory - Hibernate is in classpath; If applicable, HQL parser will be used.
2025-05-07 21:22:17 INFO  o.s.b.a.e.web.EndpointLinksResolver - Exposing 1 endpoint(s) beneath base path '/actuator'
2025-05-07 21:22:17 INFO  o.s.s.web.DefaultSecurityFilterChain - Will secure any request with [org.springframework.security.web.session.DisableEncodeUrlFilter@5f8a0d7f, org.springframework.security.web.context.request.async.WebAsyncManagerIntegrationFilter@26df4e2f, org.springframework.security.web.context.SecurityContextHolderFilter@1e7edfb2, org.springframework.security.web.header.HeaderWriterFilter@2dc0cbbc, org.springframework.web.filter.CorsFilter@6a4f3df4, org.springframework.security.web.authentication.logout.LogoutFilter@5fdb445b, com.Elvis.ticket.security.JwtAuthenticationFilter@20711b02, org.springframework.security.web.savedrequest.RequestCacheAwareFilter@4159c66d, org.springframework.security.web.servletapi.SecurityContextHolderAwareRequestFilter@684138c5, org.springframework.security.web.authentication.AnonymousAuthenticationFilter@4d76f990, org.springframework.security.web.session.SessionManagementFilter@3f4b9792, org.springframework.security.web.access.ExceptionTranslationFilter@26e199ed, org.springframework.security.web.access.intercept.AuthorizationFilter@a9b5c85]
2025-05-07 21:22:18 INFO  o.a.coyote.http11.Http11NioProtocol - Starting ProtocolHandler ["http-nio-0.0.0.0-8082"]
2025-05-07 21:22:18 INFO  o.s.b.w.e.tomcat.TomcatWebServer - Tomcat started on port 8082 (http) with context path ''
2025-05-07 21:22:18 INFO  com.Elvis.ticket.TicketApplication - Started TicketApplication in 7.642 seconds (process running for 8.287)
2025-05-07 21:22:18 DEBUG org.hibernate.SQL - 
    select
        u1_0.id 
    from
        users u1_0 
    where
        u1_0.email=? 
    limit
        ?
2025-05-07 21:22:18 DEBUG org.hibernate.SQL - 
    select
        u1_0.id 
    from
        users u1_0 
    where
        u1_0.email=? 
    limit
        ?
2025-05-07 21:22:18 DEBUG org.hibernate.SQL - 
    select
        u1_0.id 
    from
        users u1_0 
    where
        u1_0.email=? 
    limit
        ?
2025-05-07 21:22:18 DEBUG org.hibernate.SQL - 
    select
        u1_0.id 
    from
        users u1_0 
    where
        u1_0.email=? 
    limit
        ?
2025-05-07 21:22:18 DEBUG org.hibernate.SQL - 
    select
        u1_0.id,
        u1_0.created_at,
        u1_0.email,
        u1_0.name,
        u1_0.password,
        u1_0.phone_number,
        u1_0.role 
    from
        users u1_0 
    where
        u1_0.email=?
2025-05-07 21:22:18 DEBUG org.hibernate.SQL - 
    select
        u1_0.id,
        u1_0.created_at,
        u1_0.email,
        u1_0.name,
        u1_0.password,
        u1_0.phone_number,
        u1_0.role 
    from
        users u1_0 
    where
        u1_0.email=?
2025-05-07 21:22:18 DEBUG org.hibernate.SQL - 
    select
        u1_0.id,
        u1_0.created_at,
        u1_0.email,
        u1_0.name,
        u1_0.password,
        u1_0.phone_number,
        u1_0.role 
    from
        users u1_0 
    where
        u1_0.email=?
2025-05-07 21:22:18 DEBUG org.hibernate.SQL - 
    select
        c1_0.id 
    from
        customers c1_0 
    where
        c1_0.email=? 
    limit
        ?
2025-05-07 21:22:18 DEBUG org.hibernate.SQL - 
    select
        e1_0.id 
    from
        engineers e1_0 
    where
        e1_0.email=? 
    limit
        ?
2025-05-07 21:22:18 DEBUG org.hibernate.SQL - 
    select
        m1_0.id 
    from
        managers m1_0 
    where
        m1_0.email=? 
    limit
        ?
2025-05-07 21:22:18 DEBUG org.hibernate.SQL - 
    select
        count(*) 
    from
        products p1_0
2025-05-07 21:22:18 DEBUG org.hibernate.SQL - 
    select
        count(*) 
    from
        ticket_types tt1_0
2025-05-07 22:19:55 INFO  o.a.c.c.C.[Tomcat].[localhost].[/] - Initializing Spring DispatcherServlet 'dispatcherServlet'
2025-05-07 22:19:55 INFO  o.s.web.servlet.DispatcherServlet - Initializing Servlet 'dispatcherServlet'
2025-05-07 22:19:55 INFO  o.s.web.servlet.DispatcherServlet - Completed initialization in 20 ms
2025-05-07 22:19:55 DEBUG o.s.security.web.FilterChainProxy - Securing POST /api/auth/login
2025-05-07 22:19:55 DEBUG o.s.s.w.a.AnonymousAuthenticationFilter - Set SecurityContextHolder to anonymous SecurityContext
2025-05-07 22:19:55 DEBUG o.s.security.web.FilterChainProxy - Secured POST /api/auth/login
2025-05-07 22:19:55 DEBUG c.Elvis.ticket.service.AuthService - Attempting to authenticate user with email: admin@example.com
2025-05-07 22:19:55 DEBUG org.hibernate.SQL - 
    select
        u1_0.id,
        u1_0.created_at,
        u1_0.email,
        u1_0.name,
        u1_0.password,
        u1_0.phone_number,
        u1_0.role 
    from
        users u1_0 
    where
        u1_0.email=?
2025-05-07 22:19:56 DEBUG o.s.s.a.d.DaoAuthenticationProvider - Authenticated user
2025-05-07 22:19:56 DEBUG org.hibernate.SQL - 
    select
        u1_0.id,
        u1_0.created_at,
        u1_0.email,
        u1_0.name,
        u1_0.password,
        u1_0.phone_number,
        u1_0.role 
    from
        users u1_0 
    where
        u1_0.email=?
2025-05-07 22:20:17 DEBUG o.s.security.web.FilterChainProxy - Securing POST /api/sessions/2/end
2025-05-07 22:20:17 DEBUG org.hibernate.SQL - 
    select
        u1_0.id,
        u1_0.created_at,
        u1_0.email,
        u1_0.name,
        u1_0.password,
        u1_0.phone_number,
        u1_0.role 
    from
        users u1_0 
    where
        u1_0.email=?
2025-05-07 22:20:17 DEBUG o.s.security.web.FilterChainProxy - Secured POST /api/sessions/2/end
2025-05-07 22:20:17 WARN  o.s.w.s.m.s.DefaultHandlerExceptionResolver - Resolved [org.springframework.web.HttpRequestMethodNotSupportedException: Request method 'POST' is not supported]
2025-05-07 22:20:17 DEBUG o.s.security.web.FilterChainProxy - Securing POST /error
2025-05-07 22:20:17 DEBUG o.s.s.w.a.AnonymousAuthenticationFilter - Set SecurityContextHolder to anonymous SecurityContext
2025-05-07 22:20:17 DEBUG o.s.s.w.a.Http403ForbiddenEntryPoint - Pre-authenticated entry point called. Rejecting access
2025-05-07 22:20:25 DEBUG o.s.security.web.FilterChainProxy - Securing PUT /api/sessions/2/end
2025-05-07 22:20:25 DEBUG org.hibernate.SQL - 
    select
        u1_0.id,
        u1_0.created_at,
        u1_0.email,
        u1_0.name,
        u1_0.password,
        u1_0.phone_number,
        u1_0.role 
    from
        users u1_0 
    where
        u1_0.email=?
2025-05-07 22:20:25 DEBUG o.s.security.web.FilterChainProxy - Secured PUT /api/sessions/2/end
2025-05-07 22:20:25 DEBUG org.hibernate.SQL - 
    select
        s1_0.id,
        s1_0.end_time,
        s1_0.history,
        s1_0.last_activity,
        s1_0.start_time,
        s1_0.user_id,
        u1_0.id,
        u1_0.created_at,
        u1_0.email,
        u1_0.name,
        u1_0.password,
        u1_0.phone_number,
        u1_0.role 
    from
        sessions s1_0 
    join
        users u1_0 
            on u1_0.id=s1_0.user_id 
    where
        s1_0.id=?
2025-05-07 22:20:25 DEBUG org.hibernate.SQL - 
    update
        sessions 
    set
        end_time=?,
        history=?,
        last_activity=?,
        start_time=?,
        user_id=? 
    where
        id=?
